<?xml version="1.0" encoding="UTF-8"?>
<testng-results ignored="0" total="1" passed="1" failed="0" skipped="0">
  <reporter-output>
  </reporter-output>
  <suite started-at="2025-03-17T13:34:24 WIB" name="Annotation Execution Suite" finished-at="2025-03-17T13:34:35 WIB" duration-ms="10891">
    <groups>
    </groups>
    <test started-at="2025-03-17T13:34:24 WIB" name="MyTestGroup" finished-at="2025-03-17T13:34:35 WIB" duration-ms="10891">
      <class name="automation.Checkout">
        <test-method is-config="true" signature="setUp()[pri:0, instance:automation.Checkout@43ee72e6]" started-at="2025-03-17T13:34:24 WIB" name="setUp" finished-at="2025-03-17T13:34:27 WIB" duration-ms="3182" status="PASS">
          <reporter-output>
          </reporter-output>
        </test-method> <!-- setUp -->
        <test-method signature="testCheckoutDetail(java.util.HashMap)[pri:0, instance:automation.Checkout@43ee72e6]" started-at="2025-03-17T13:34:27 WIB" name="testCheckoutDetail" data-provider="dataTestMapping" finished-at="2025-03-17T13:34:34 WIB" duration-ms="6657" status="PASS">
          <params>
            <param index="0">
              <value>
                <![CDATA[{firstName=John, lastName=Doe, password=secret_sauce, userEmail=standard_user, productName=Sauce Labs Bike Light, postalCode=12345}]]>
              </value>
            </param>
          </params>
          <reporter-output>
          </reporter-output>
        </test-method> <!-- testCheckoutDetail -->
        <test-method is-config="true" signature="LogOut()[pri:0, instance:automation.Checkout@43ee72e6]" started-at="2025-03-17T13:34:34 WIB" name="LogOut" finished-at="2025-03-17T13:34:35 WIB" duration-ms="1004" status="PASS">
          <reporter-output>
          </reporter-output>
        </test-method> <!-- LogOut -->
      </class> <!-- automation.Checkout -->
    </test> <!-- MyTestGroup -->
  </suite> <!-- Annotation Execution Suite -->
</testng-results>
